2026-06-01 11:46:43 [AWT-EventQueue-0] INFO  com.vanitystore.config.Conexion - Conexión a la base de datos establecida con éxito.
2026-06-01 11:46:57 [AWT-EventQueue-0] INFO  com.vanitystore.config.Conexion - Conexión a la base de datos establecida con éxito.
2026-06-01 11:46:57 [AWT-EventQueue-0] INFO  com.vanitystore.config.Conexion - Conexión a la base de datos establecida con éxito.
2026-06-01 11:46:57 [AWT-EventQueue-0] INFO  com.vanitystore.config.Conexion - Conexión a la base de datos establecida con éxito.
2026-06-01 11:46:57 [AWT-EventQueue-0] INFO  com.vanitystore.config.Conexion - Conexión a la base de datos establecida con éxito.
2026-06-01 11:46:57 [AWT-EventQueue-0] INFO  com.vanitystore.config.Conexion - Conexión a la base de datos establecida con éxito.
2026-06-01 11:46:57 [AWT-EventQueue-0] INFO  com.vanitystore.config.Conexion - Conexión a la base de datos establecida con éxito.
2026-06-01 11:58:34 [AWT-EventQueue-0] INFO  com.vanitystore.config.Conexion - Conexión a la base de datos establecida con éxito.
2026-06-01 11:58:34 [AWT-EventQueue-0] INFO  com.vanitystore.model.UsuarioDAO - Acceso exitoso para el usuario ID: 1 (Nombre: luis)
2026-06-01 11:58:37 [AWT-EventQueue-0] INFO  com.vanitystore.config.Conexion - Conexión a la base de datos establecida con éxito.
2026-06-01 11:58:37 [AWT-EventQueue-0] INFO  com.vanitystore.config.Conexion - Conexión a la base de datos establecida con éxito.
2026-06-01 11:58:37 [AWT-EventQueue-0] INFO  com.vanitystore.config.Conexion - Conexión a la base de datos establecida con éxito.
2026-06-01 11:58:37 [AWT-EventQueue-0] INFO  com.vanitystore.config.Conexion - Conexión a la base de datos establecida con éxito.
2026-06-01 11:58:37 [AWT-EventQueue-0] INFO  com.vanitystore.config.Conexion - Conexión a la base de datos establecida con éxito.
2026-06-01 11:58:37 [AWT-EventQueue-0] INFO  com.vanitystore.config.Conexion - Conexión a la base de datos establecida con éxito.
2026-06-01 11:58:43 [AWT-EventQueue-0] INFO  com.vanitystore.config.Conexion - Conexión a la base de datos establecida con éxito.
2026-06-01 11:58:43 [AWT-EventQueue-0] INFO  com.vanitystore.config.Conexion - Conexión a la base de datos establecida con éxito.
2026-06-01 11:58:43 [AWT-EventQueue-0] INFO  com.vanitystore.config.Conexion - Conexión a la base de datos establecida con éxito.
2026-06-01 11:58:43 [AWT-EventQueue-0] INFO  com.vanitystore.config.Conexion - Conexión a la base de datos establecida con éxito.
2026-06-01 11:58:43 [AWT-EventQueue-0] INFO  com.vanitystore.config.Conexion - Conexión a la base de datos establecida con éxito.
2026-06-01 11:58:43 [AWT-EventQueue-0] INFO  com.vanitystore.config.Conexion - Conexión a la base de datos establecida con éxito.
2026-06-01 11:58:44 [AWT-EventQueue-0] INFO  com.vanitystore.config.Conexion - Conexión a la base de datos establecida con éxito.
2026-06-01 11:58:44 [AWT-EventQueue-0] INFO  com.vanitystore.config.Conexion - Conexión a la base de datos establecida con éxito.
2026-06-01 11:58:44 [AWT-EventQueue-0] INFO  com.vanitystore.config.Conexion - Conexión a la base de datos establecida con éxito.
2026-06-01 11:58:44 [AWT-EventQueue-0] INFO  com.vanitystore.config.Conexion - Conexión a la base de datos establecida con éxito.
2026-06-01 11:58:44 [AWT-EventQueue-0] INFO  com.vanitystore.config.Conexion - Conexión a la base de datos establecida con éxito.
2026-06-01 11:58:44 [AWT-EventQueue-0] INFO  com.vanitystore.config.Conexion - Conexión a la base de datos establecida con éxito.
2026-06-01 11:58:44 [AWT-EventQueue-0] INFO  com.vanitystore.config.Conexion - Conexión a la base de datos establecida con éxito.
2026-06-01 11:58:44 [AWT-EventQueue-0] INFO  com.vanitystore.config.Conexion - Conexión a la base de datos establecida con éxito.
2026-06-01 11:58:44 [AWT-EventQueue-0] INFO  com.vanitystore.config.Conexion - Conexión a la base de datos establecida con éxito.
2026-06-01 11:58:44 [AWT-EventQueue-0] INFO  com.vanitystore.config.Conexion - Conexión a la base de datos establecida con éxito.
2026-06-01 11:58:44 [AWT-EventQueue-0] INFO  com.vanitystore.config.Conexion - Conexión a la base de datos establecida con éxito.
2026-06-01 11:58:45 [AWT-EventQueue-0] INFO  com.vanitystore.config.Conexion - Conexión a la base de datos establecida con éxito.
2026-06-01 11:58:45 [AWT-EventQueue-0] INFO  com.vanitystore.config.Conexion - Conexión a la base de datos establecida con éxito.
2026-06-01 11:58:45 [AWT-EventQueue-0] INFO  com.vanitystore.config.Conexion - Conexión a la base de datos establecida con éxito.
2026-06-01 11:58:45 [AWT-EventQueue-0] INFO  com.vanitystore.config.Conexion - Conexión a la base de datos establecida con éxito.
2026-06-01 11:58:45 [AWT-EventQueue-0] INFO  com.vanitystore.config.Conexion - Conexión a la base de datos establecida con éxito.
2026-06-01 11:58:45 [AWT-EventQueue-0] INFO  com.vanitystore.config.Conexion - Conexión a la base de datos establecida con éxito.
2026-06-01 11:58:45 [AWT-EventQueue-0] INFO  com.vanitystore.config.Conexion - Conexión a la base de datos establecida con éxito.
2026-06-01 11:58:45 [AWT-EventQueue-0] INFO  com.vanitystore.config.Conexion - Conexión a la base de datos establecida con éxito.
2026-06-01 11:58:46 [AWT-EventQueue-0] INFO  com.vanitystore.config.Conexion - Conexión a la base de datos establecida con éxito.
2026-06-01 11:58:46 [AWT-EventQueue-0] INFO  com.vanitystore.config.Conexion - Conexión a la base de datos establecida con éxito.
2026-06-01 11:58:46 [AWT-EventQueue-0] INFO  com.vanitystore.config.Conexion - Conexión a la base de datos establecida con éxito.
2026-06-01 11:58:46 [AWT-EventQueue-0] INFO  com.vanitystore.config.Conexion - Conexión a la base de datos establecida con éxito.
2026-06-01 11:58:46 [AWT-EventQueue-0] INFO  com.vanitystore.config.Conexion - Conexión a la base de datos establecida con éxito.
2026-06-01 11:58:46 [AWT-EventQueue-0] INFO  com.vanitystore.config.Conexion - Conexión a la base de datos establecida con éxito.
2026-06-01 11:58:46 [AWT-EventQueue-0] INFO  com.vanitystore.config.Conexion - Conexión a la base de datos establecida con éxito.
2026-06-01 11:58:46 [AWT-EventQueue-0] INFO  com.vanitystore.config.Conexion - Conexión a la base de datos establecida con éxito.
2026-06-01 11:58:46 [AWT-EventQueue-0] INFO  com.vanitystore.config.Conexion - Conexión a la base de datos establecida con éxito.
2026-06-01 11:58:46 [AWT-EventQueue-0] INFO  com.vanitystore.config.Conexion - Conexión a la base de datos establecida con éxito.
2026-06-01 11:58:47 [AWT-EventQueue-0] INFO  com.vanitystore.config.Conexion - Conexión a la base de datos establecida con éxito.
2026-06-01 11:58:47 [AWT-EventQueue-0] INFO  com.vanitystore.config.Conexion - Conexión a la base de datos establecida con éxito.
2026-06-01 11:58:47 [AWT-EventQueue-0] INFO  com.vanitystore.config.Conexion - Conexión a la base de datos establecida con éxito.
2026-06-01 11:58:47 [AWT-EventQueue-0] INFO  com.vanitystore.config.Conexion - Conexión a la base de datos establecida con éxito.
2026-06-01 11:58:47 [AWT-EventQueue-0] INFO  com.vanitystore.config.Conexion - Conexión a la base de datos establecida con éxito.
2026-06-01 11:58:47 [AWT-EventQueue-0] INFO  com.vanitystore.config.Conexion - Conexión a la base de datos establecida con éxito.
2026-06-01 11:58:47 [AWT-EventQueue-0] INFO  com.vanitystore.config.Conexion - Conexión a la base de datos establecida con éxito.
2026-06-01 11:58:47 [AWT-EventQueue-0] INFO  com.vanitystore.config.Conexion - Conexión a la base de datos establecida con éxito.
2026-06-01 11:58:47 [AWT-EventQueue-0] INFO  com.vanitystore.config.Conexion - Conexión a la base de datos establecida con éxito.
2026-06-01 11:58:47 [AWT-EventQueue-0] INFO  com.vanitystore.config.Conexion - Conexión a la base de datos establecida con éxito.
2026-06-01 11:58:47 [AWT-EventQueue-0] INFO  com.vanitystore.config.Conexion - Conexión a la base de datos establecida con éxito.
2026-06-01 11:58:47 [AWT-EventQueue-0] INFO  com.vanitystore.config.Conexion - Conexión a la base de datos establecida con éxito.
2026-06-01 12:01:05 [AWT-EventQueue-0] ERROR com.vanitystore.config.Conexion - Error al conectar a la base de datos: Access denied for user 'root'@'localhost' (using password: YES)
    2026-06-01 12:05:31 [AWT-EventQueue-0] INFO  com.vanitystore.config.Conexion - Conexión a la base de datos establecida con éxito.
2026-06-01 12:05:31 [AWT-EventQueue-0] INFO  com.vanitystore.model.UsuarioDAO - Acceso exitoso para el usuario ID: 1 (Nombre: luis)
2026-06-01 12:05:32 [AWT-EventQueue-0] INFO  com.vanitystore.config.Conexion - Conexión a la base de datos establecida con éxito.
2026-06-01 12:05:32 [AWT-EventQueue-0] INFO  com.vanitystore.config.Conexion - Conexión a la base de datos establecida con éxito.
2026-06-01 12:05:32 [AWT-EventQueue-0] INFO  com.vanitystore.config.Conexion - Conexión a la base de datos establecida con éxito.
2026-06-01 12:05:32 [AWT-EventQueue-0] INFO  com.vanitystore.config.Conexion - Conexión a la base de datos establecida con éxito.
2026-06-01 12:05:32 [AWT-EventQueue-0] INFO  com.vanitystore.config.Conexion - Conexión a la base de datos establecida con éxito.
2026-06-01 12:05:33 [AWT-EventQueue-0] INFO  com.vanitystore.config.Conexion - Conexión a la base de datos establecida con éxito.
2026-06-01 12:20:46 [AWT-EventQueue-0] INFO  com.vanitystore.config.Conexion - Conexión a la base de datos establecida con éxito.
2026-06-01 12:20:46 [AWT-EventQueue-0] INFO  com.vanitystore.model.UsuarioDAO - Acceso exitoso para el usuario ID: 1 (Nombre: luis)
2026-06-01 12:20:48 [AWT-EventQueue-0] INFO  com.vanitystore.config.Conexion - Conexión a la base de datos establecida con éxito.
2026-06-01 12:20:48 [AWT-EventQueue-0] INFO  com.vanitystore.config.Conexion - Conexión a la base de datos establecida con éxito.
2026-06-01 12:20:48 [AWT-EventQueue-0] INFO  com.vanitystore.config.Conexion - Conexión a la base de datos establecida con éxito.
2026-06-01 12:20:48 [AWT-EventQueue-0] INFO  com.vanitystore.config.Conexion - Conexión a la base de datos establecida con éxito.
2026-06-01 12:20:48 [AWT-EventQueue-0] INFO  com.vanitystore.config.Conexion - Conexión a la base de datos establecida con éxito.
2026-06-01 12:20:48 [AWT-EventQueue-0] INFO  com.vanitystore.config.Conexion - Conexión a la base de datos establecida con éxito.
2026-06-01 12:20:51 [AWT-EventQueue-0] INFO  com.vanitystore.config.Conexion - Conexión a la base de datos establecida con éxito.
2026-06-01 12:30:05 [AWT-EventQueue-0] INFO  com.vanitystore.config.Conexion - Conexión a la base de datos establecida con éxito.
2026-06-01 12:30:05 [AWT-EventQueue-0] INFO  com.vanitystore.model.UsuarioDAO - Acceso exitoso para el usuario ID: 1 (Nombre: luis)
2026-06-01 12:30:06 [AWT-EventQueue-0] INFO  com.vanitystore.config.Conexion - Conexión a la base de datos establecida con éxito.
2026-06-01 12:30:06 [AWT-EventQueue-0] INFO  com.vanitystore.config.Conexion - Conexión a la base de datos establecida con éxito.
2026-06-01 12:30:06 [AWT-EventQueue-0] INFO  com.vanitystore.config.Conexion - Conexión a la base de datos establecida con éxito.
2026-06-01 12:30:06 [AWT-EventQueue-0] INFO  com.vanitystore.config.Conexion - Conexión a la base de datos establecida con éxito.
2026-06-01 12:30:06 [AWT-EventQueue-0] INFO  com.vanitystore.config.Conexion - Conexión a la base de datos establecida con éxito.
2026-06-01 12:30:06 [AWT-EventQueue-0] INFO  com.vanitystore.config.Conexion - Conexión a la base de datos establecida con éxito.
2026-06-01 12:30:13 [AWT-EventQueue-0] INFO  com.vanitystore.config.Conexion - Conexión a la base de datos establecida con éxito.
2026-06-01 12:30:16 [AWT-EventQueue-0] INFO  com.vanitystore.config.Conexion - Conexión a la base de datos establecida con éxito.
2026-06-01 12:30:17 [AWT-EventQueue-0] INFO  c.v.service.ExcelExportService - Excel de historial generado: Reporte_Historial_Consultas.xlsx
2026-06-04 12:05:26 [AWT-EventQueue-0] INFO  com.vanitystore.config.Conexion - Conexión a la base de datos establecida con éxito.
2026-06-04 12:05:26 [AWT-EventQueue-0] INFO  com.vanitystore.model.UsuarioDAO - Acceso exitoso para el usuario ID: 1 (Nombre: luis)
2026-06-04 12:05:28 [AWT-EventQueue-0] INFO  com.vanitystore.config.Conexion - Conexión a la base de datos establecida con éxito.
2026-06-04 12:05:28 [AWT-EventQueue-0] INFO  com.vanitystore.config.Conexion - Conexión a la base de datos establecida con éxito.
2026-06-04 12:05:28 [AWT-EventQueue-0] INFO  com.vanitystore.config.Conexion - Conexión a la base de datos establecida con éxito.
2026-06-04 12:05:28 [AWT-EventQueue-0] INFO  com.vanitystore.config.Conexion - Conexión a la base de datos establecida con éxito.
2026-06-04 12:05:28 [AWT-EventQueue-0] INFO  com.vanitystore.config.Conexion - Conexión a la base de datos establecida con éxito.
2026-06-04 12:05:28 [AWT-EventQueue-0] INFO  com.vanitystore.config.Conexion - Conexión a la base de datos establecida con éxito.
2026-06-04 12:05:35 [AWT-EventQueue-0] INFO  com.vanitystore.config.Conexion - Conexión a la base de datos establecida con éxito.
2026-06-04 12:05:35 [AWT-EventQueue-0] INFO  com.vanitystore.config.Conexion - Conexión a la base de datos establecida con éxito.
2026-06-04 12:05:35 [AWT-EventQueue-0] INFO  com.vanitystore.config.Conexion - Conexión a la base de datos establecida con éxito.
2026-06-04 12:05:35 [AWT-EventQueue-0] INFO  com.vanitystore.config.Conexion - Conexión a la base de datos establecida con éxito.
2026-06-04 12:05:36 [AWT-EventQueue-0] INFO  com.vanitystore.config.Conexion - Conexión a la base de datos establecida con éxito.
2026-06-04 12:05:36 [AWT-EventQueue-0] INFO  com.vanitystore.config.Conexion - Conexión a la base de datos establecida con éxito.
2026-06-04 12:05:36 [AWT-EventQueue-0] INFO  com.vanitystore.config.Conexion - Conexión a la base de datos establecida con éxito.
2026-06-04 12:05:36 [AWT-EventQueue-0] INFO  com.vanitystore.config.Conexion - Conexión a la base de datos establecida con éxito.
2026-06-04 12:05:36 [AWT-EventQueue-0] INFO  com.vanitystore.config.Conexion - Conexión a la base de datos establecida con éxito.
2026-06-04 12:05:36 [AWT-EventQueue-0] INFO  com.vanitystore.config.Conexion - Conexión a la base de datos establecida con éxito.
2026-06-04 12:05:36 [AWT-EventQueue-0] INFO  com.vanitystore.config.Conexion - Conexión a la base de datos establecida con éxito.
2026-06-04 12:05:36 [AWT-EventQueue-0] INFO  com.vanitystore.config.Conexion - Conexión a la base de datos establecida con éxito.
2026-06-04 12:05:36 [AWT-EventQueue-0] INFO  com.vanitystore.config.Conexion - Conexión a la base de datos establecida con éxito.
2026-06-04 12:05:36 [AWT-EventQueue-0] INFO  com.vanitystore.config.Conexion - Conexión a la base de datos establecida con éxito.
2026-06-04 12:05:36 [AWT-EventQueue-0] INFO  com.vanitystore.config.Conexion - Conexión a la base de datos establecida con éxito.
2026-06-04 12:05:36 [AWT-EventQueue-0] INFO  com.vanitystore.config.Conexion - Conexión a la base de datos establecida con éxito.
2026-06-04 12:05:36 [AWT-EventQueue-0] INFO  com.vanitystore.config.Conexion - Conexión a la base de datos establecida con éxito.
2026-06-04 12:05:36 [AWT-EventQueue-0] INFO  com.vanitystore.config.Conexion - Conexión a la base de datos establecida con éxito.
2026-06-04 12:05:36 [AWT-EventQueue-0] INFO  com.vanitystore.config.Conexion - Conexión a la base de datos establecida con éxito.
2026-06-04 12:05:36 [AWT-EventQueue-0] INFO  com.vanitystore.config.Conexion - Conexión a la base de datos establecida con éxito.
2026-06-04 12:05:36 [AWT-EventQueue-0] INFO  com.vanitystore.config.Conexion - Conexión a la base de datos establecida con éxito.
2026-06-04 12:05:37 [AWT-EventQueue-0] INFO  com.vanitystore.config.Conexion - Conexión a la base de datos establecida con éxito.
2026-06-04 12:05:37 [AWT-EventQueue-0] INFO  com.vanitystore.config.Conexion - Conexión a la base de datos establecida con éxito.
2026-06-04 12:05:37 [AWT-EventQueue-0] INFO  com.vanitystore.config.Conexion - Conexión a la base de datos establecida con éxito.
2026-06-04 12:05:37 [AWT-EventQueue-0] INFO  com.vanitystore.config.Conexion - Conexión a la base de datos establecida con éxito.
2026-06-04 12:05:37 [AWT-EventQueue-0] INFO  com.vanitystore.config.Conexion - Conexión a la base de datos establecida con éxito.
2026-06-04 12:05:37 [AWT-EventQueue-0] INFO  com.vanitystore.config.Conexion - Conexión a la base de datos establecida con éxito.
2026-06-04 12:05:37 [AWT-EventQueue-0] INFO  com.vanitystore.config.Conexion - Conexión a la base de datos establecida con éxito.
2026-06-04 12:05:37 [AWT-EventQueue-0] INFO  com.vanitystore.config.Conexion - Conexión a la base de datos establecida con éxito.
2026-06-04 12:05:37 [AWT-EventQueue-0] INFO  com.vanitystore.config.Conexion - Conexión a la base de datos establecida con éxito.
2026-06-04 12:05:37 [AWT-EventQueue-0] INFO  com.vanitystore.config.Conexion - Conexión a la base de datos establecida con éxito.
2026-06-04 12:05:37 [AWT-EventQueue-0] INFO  com.vanitystore.config.Conexion - Conexión a la base de datos establecida con éxito.
2026-06-04 12:05:37 [AWT-EventQueue-0] INFO  com.vanitystore.config.Conexion - Conexión a la base de datos establecida con éxito.
2026-06-04 12:05:38 [AWT-EventQueue-0] INFO  com.vanitystore.config.Conexion - Conexión a la base de datos establecida con éxito.
2026-06-04 12:05:38 [AWT-EventQueue-0] INFO  com.vanitystore.config.Conexion - Conexión a la base de datos establecida con éxito.
2026-06-04 12:05:38 [AWT-EventQueue-0] INFO  com.vanitystore.config.Conexion - Conexión a la base de datos establecida con éxito.
2026-06-04 12:05:38 [AWT-EventQueue-0] INFO  com.vanitystore.config.Conexion - Conexión a la base de datos establecida con éxito.
2026-06-04 12:05:38 [AWT-EventQueue-0] INFO  com.vanitystore.config.Conexion - Conexión a la base de datos establecida con éxito.
2026-06-04 12:05:38 [AWT-EventQueue-0] INFO  com.vanitystore.config.Conexion - Conexión a la base de datos establecida con éxito.
2026-06-04 12:05:38 [AWT-EventQueue-0] INFO  com.vanitystore.config.Conexion - Conexión a la base de datos establecida con éxito.
2026-06-04 12:05:38 [AWT-EventQueue-0] INFO  com.vanitystore.config.Conexion - Conexión a la base de datos establecida con éxito.
2026-06-04 12:05:38 [AWT-EventQueue-0] INFO  com.vanitystore.config.Conexion - Conexión a la base de datos establecida con éxito.
2026-06-04 12:05:38 [AWT-EventQueue-0] INFO  com.vanitystore.config.Conexion - Conexión a la base de datos establecida con éxito.
2026-06-04 12:05:38 [AWT-EventQueue-0] INFO  com.vanitystore.config.Conexion - Conexión a la base de datos establecida con éxito.
2026-06-04 12:05:38 [AWT-EventQueue-0] INFO  com.vanitystore.config.Conexion - Conexión a la base de datos establecida con éxito.
2026-06-04 12:05:38 [AWT-EventQueue-0] INFO  com.vanitystore.config.Conexion - Conexión a la base de datos establecida con éxito.
2026-06-04 12:05:38 [AWT-EventQueue-0] INFO  com.vanitystore.config.Conexion - Conexión a la base de datos establecida con éxito.
2026-06-04 12:05:38 [AWT-EventQueue-0] INFO  com.vanitystore.config.Conexion - Conexión a la base de datos establecida con éxito.
2026-06-04 12:05:39 [AWT-EventQueue-0] INFO  com.vanitystore.config.Conexion - Conexión a la base de datos establecida con éxito.
2026-06-04 12:05:39 [AWT-EventQueue-0] INFO  com.vanitystore.config.Conexion - Conexión a la base de datos establecida con éxito.
2026-06-04 12:05:39 [AWT-EventQueue-0] INFO  com.vanitystore.config.Conexion - Conexión a la base de datos establecida con éxito.
2026-06-04 12:05:40 [AWT-EventQueue-0] INFO  com.vanitystore.config.Conexion - Conexión a la base de datos establecida con éxito.
2026-06-04 12:05:40 [AWT-EventQueue-0] INFO  com.vanitystore.config.Conexion - Conexión a la base de datos establecida con éxito.
2026-06-04 12:05:40 [AWT-EventQueue-0] INFO  com.vanitystore.config.Conexion - Conexión a la base de datos establecida con éxito.
2026-06-04 12:05:40 [AWT-EventQueue-0] INFO  com.vanitystore.config.Conexion - Conexión a la base de datos establecida con éxito.
2026-06-04 12:05:40 [AWT-EventQueue-0] INFO  com.vanitystore.config.Conexion - Conexión a la base de datos establecida con éxito.
2026-06-04 12:05:40 [AWT-EventQueue-0] INFO  com.vanitystore.config.Conexion - Conexión a la base de datos establecida con éxito.
2026-06-04 12:05:40 [AWT-EventQueue-0] INFO  com.vanitystore.config.Conexion - Conexión a la base de datos establecida con éxito.
2026-06-04 12:05:40 [AWT-EventQueue-0] INFO  com.vanitystore.config.Conexion - Conexión a la base de datos establecida con éxito.
2026-06-04 12:05:40 [AWT-EventQueue-0] INFO  com.vanitystore.config.Conexion - Conexión a la base de datos establecida con éxito.
2026-06-04 12:05:40 [AWT-EventQueue-0] INFO  com.vanitystore.config.Conexion - Conexión a la base de datos establecida con éxito.
2026-06-04 12:05:40 [AWT-EventQueue-0] INFO  com.vanitystore.config.Conexion - Conexión a la base de datos establecida con éxito.
2026-06-04 12:05:40 [AWT-EventQueue-0] INFO  com.vanitystore.config.Conexion - Conexión a la base de datos establecida con éxito.
2026-06-04 12:05:40 [AWT-EventQueue-0] INFO  com.vanitystore.config.Conexion - Conexión a la base de datos establecida con éxito.
2026-06-04 12:05:40 [AWT-EventQueue-0] INFO  com.vanitystore.config.Conexion - Conexión a la base de datos establecida con éxito.
2026-06-04 12:05:40 [AWT-EventQueue-0] INFO  com.vanitystore.config.Conexion - Conexión a la base de datos establecida con éxito.
2026-06-04 12:05:40 [AWT-EventQueue-0] INFO  com.vanitystore.config.Conexion - Conexión a la base de datos establecida con éxito.
2026-06-04 12:05:40 [AWT-EventQueue-0] INFO  com.vanitystore.config.Conexion - Conexión a la base de datos establecida con éxito.
2026-06-04 12:05:40 [AWT-EventQueue-0] INFO  com.vanitystore.config.Conexion - Conexión a la base de datos establecida con éxito.
2026-06-04 12:05:41 [AWT-EventQueue-0] INFO  com.vanitystore.config.Conexion - Conexión a la base de datos establecida con éxito.
2026-06-04 12:05:41 [AWT-EventQueue-0] INFO  com.vanitystore.config.Conexion - Conexión a la base de datos establecida con éxito.
2026-06-04 12:05:41 [AWT-EventQueue-0] INFO  com.vanitystore.config.Conexion - Conexión a la base de datos establecida con éxito.
2026-06-04 12:05:41 [AWT-EventQueue-0] INFO  com.vanitystore.config.Conexion - Conexión a la base de datos establecida con éxito.
2026-06-04 12:05:41 [AWT-EventQueue-0] INFO  com.vanitystore.config.Conexion - Conexión a la base de datos establecida con éxito.
2026-06-04 12:05:41 [AWT-EventQueue-0] INFO  com.vanitystore.config.Conexion - Conexión a la base de datos establecida con éxito.
2026-06-04 12:05:41 [AWT-EventQueue-0] INFO  com.vanitystore.config.Conexion - Conexión a la base de datos establecida con éxito.
2026-06-04 12:05:41 [AWT-EventQueue-0] INFO  com.vanitystore.config.Conexion - Conexión a la base de datos establecida con éxito.
2026-06-04 12:05:41 [AWT-EventQueue-0] INFO  com.vanitystore.config.Conexion - Conexión a la base de datos establecida con éxito.
2026-06-04 12:05:41 [AWT-EventQueue-0] INFO  com.vanitystore.config.Conexion - Conexión a la base de datos establecida con éxito.
2026-06-04 12:05:41 [AWT-EventQueue-0] INFO  com.vanitystore.config.Conexion - Conexión a la base de datos establecida con éxito.
2026-06-04 12:05:41 [AWT-EventQueue-0] INFO  com.vanitystore.config.Conexion - Conexión a la base de datos establecida con éxito.
2026-06-04 12:06:43 [AWT-EventQueue-0] INFO  com.vanitystore.config.Conexion - Conexión a la base de datos establecida con éxito.
2026-06-04 13:06:19 [AWT-EventQueue-0] INFO  com.vanitystore.config.Conexion - Conexión a la base de datos establecida con éxito.
2026-06-04 13:06:19 [AWT-EventQueue-0] INFO  com.vanitystore.model.UsuarioDAO - Acceso exitoso para el usuario ID: 1 (Nombre: luis)
2026-06-04 13:06:21 [AWT-EventQueue-0] INFO  com.vanitystore.config.Conexion - Conexión a la base de datos establecida con éxito.
2026-06-04 13:06:21 [AWT-EventQueue-0] INFO  com.vanitystore.config.Conexion - Conexión a la base de datos establecida con éxito.
2026-06-04 13:06:21 [AWT-EventQueue-0] INFO  com.vanitystore.config.Conexion - Conexión a la base de datos establecida con éxito.
2026-06-04 13:06:21 [AWT-EventQueue-0] INFO  com.vanitystore.config.Conexion - Conexión a la base de datos establecida con éxito.
2026-06-04 13:06:21 [AWT-EventQueue-0] INFO  com.vanitystore.config.Conexion - Conexión a la base de datos establecida con éxito.
2026-06-04 13:06:21 [AWT-EventQueue-0] INFO  com.vanitystore.config.Conexion - Conexión a la base de datos establecida con éxito.
2026-06-04 13:12:13 [AWT-EventQueue-0] INFO  com.vanitystore.config.Conexion - Conexión a la base de datos establecida con éxito.
2026-06-04 13:12:13 [AWT-EventQueue-0] INFO  com.vanitystore.model.UsuarioDAO - Acceso exitoso para el usuario ID: 1 (Nombre: luis)
2026-06-04 13:12:14 [AWT-EventQueue-0] INFO  com.vanitystore.config.Conexion - Conexión a la base de datos establecida con éxito.
2026-06-04 13:12:14 [AWT-EventQueue-0] INFO  com.vanitystore.config.Conexion - Conexión a la base de datos establecida con éxito.
2026-06-04 13:12:14 [AWT-EventQueue-0] INFO  com.vanitystore.config.Conexion - Conexión a la base de datos establecida con éxito.
2026-06-04 13:12:14 [AWT-EventQueue-0] INFO  com.vanitystore.config.Conexion - Conexión a la base de datos establecida con éxito.
2026-06-04 13:12:14 [AWT-EventQueue-0] INFO  com.vanitystore.config.Conexion - Conexión a la base de datos establecida con éxito.
2026-06-04 13:12:14 [AWT-EventQueue-0] INFO  com.vanitystore.config.Conexion - Conexión a la base de datos establecida con éxito.
2026-06-04 13:13:38 [AWT-EventQueue-0] INFO  com.vanitystore.config.Conexion - Conexión a la base de datos establecida con éxito.
2026-06-04 13:13:40 [AWT-EventQueue-0] INFO  com.vanitystore.config.Conexion - Conexión a la base de datos establecida con éxito.
2026-06-04 13:13:40 [AWT-EventQueue-0] INFO  com.vanitystore.config.Conexion - Conexión a la base de datos establecida con éxito.
2026-06-04 13:13:40 [AWT-EventQueue-0] INFO  com.vanitystore.config.Conexion - Conexión a la base de datos establecida con éxito.
2026-06-04 13:13:40 [AWT-EventQueue-0] INFO  com.vanitystore.config.Conexion - Conexión a la base de datos establecida con éxito.
2026-06-04 13:13:40 [AWT-EventQueue-0] INFO  com.vanitystore.config.Conexion - Conexión a la base de datos establecida con éxito.
2026-06-04 13:13:40 [AWT-EventQueue-0] INFO  com.vanitystore.config.Conexion - Conexión a la base de datos establecida con éxito.
2026-06-04 13:13:40 [AWT-EventQueue-0] INFO  com.vanitystore.config.Conexion - Conexión a la base de datos establecida con éxito.
